<?xml version="1.0" encoding="UTF-8"?>
<testng-results ignored="0" total="1" passed="1" failed="0" skipped="0">
  <reporter-output>
  </reporter-output>
  <suite started-at="2024-12-14T15:42:37 IST" name="Default suite" finished-at="2024-12-14T15:42:46 IST" duration-ms="8756">
    <groups>
    </groups>
    <test started-at="2024-12-14T15:42:37 IST" name="Default test" finished-at="2024-12-14T15:42:46 IST" duration-ms="8756">
      <class name="demo.GoogleSearchTest">
        <test-method is-config="true" signature="setUpExtent()[pri:0, instance:demo.GoogleSearchTest@79defdc]" started-at="2024-12-14T15:42:37 IST" name="setUpExtent" finished-at="2024-12-14T15:42:37 IST" duration-ms="259" status="PASS">
          <reporter-output>
          </reporter-output>
        </test-method> <!-- setUpExtent -->
        <test-method is-config="true" signature="setUp(java.lang.reflect.Method)[pri:0, instance:demo.GoogleSearchTest@79defdc]" started-at="2024-12-14T15:42:37 IST" name="setUp" finished-at="2024-12-14T15:42:41 IST" duration-ms="3613" status="PASS">
          <params>
            <param index="0">
              <value>
                <![CDATA[public void demo.GoogleSearchTest.googleSearchTest()]]>
              </value>
            </param>
          </params>
          <reporter-output>
          </reporter-output>
        </test-method> <!-- setUp -->
        <test-method signature="googleSearchTest()[pri:0, instance:demo.GoogleSearchTest@79defdc]" started-at="2024-12-14T15:42:41 IST" name="googleSearchTest" finished-at="2024-12-14T15:42:46 IST" duration-ms="4650" status="PASS">
          <reporter-output>
          </reporter-output>
        </test-method> <!-- googleSearchTest -->
        <test-method is-config="true" signature="tearDown(org.testng.ITestResult)[pri:0, instance:demo.GoogleSearchTest@79defdc]" started-at="2024-12-14T15:42:46 IST" name="tearDown" finished-at="2024-12-14T15:42:46 IST" duration-ms="320" status="PASS">
          <params>
            <param index="0">
              <value>
                <![CDATA[[TestResult name=googleSearchTest status=SUCCESS method=GoogleSearchTest.googleSearchTest()[pri:0, instance:demo.GoogleSearchTest@79defdc] output={null}]]]>
              </value>
            </param>
          </params>
          <reporter-output>
          </reporter-output>
        </test-method> <!-- tearDown -->
        <test-method is-config="true" signature="tearDownExtent()[pri:0, instance:demo.GoogleSearchTest@79defdc]" started-at="2024-12-14T15:42:46 IST" name="tearDownExtent" finished-at="2024-12-14T15:42:47 IST" duration-ms="709" status="PASS">
          <reporter-output>
          </reporter-output>
        </test-method> <!-- tearDownExtent -->
      </class> <!-- demo.GoogleSearchTest -->
    </test> <!-- Default test -->
  </suite> <!-- Default suite -->
</testng-results>
